# packages and versions:
# Mar 2022
# froura

R version 4.0.3 (2020-10-10)
Platform: x86_64-pc-linux-gnu (64-bit)
Running under: Ubuntu 20.04.1 LTS

Matrix products: default
BLAS:   /usr/lib/x86_64-linux-gnu/blas/libblas.so.3.9.0
LAPACK: /usr/lib/x86_64-linux-gnu/lapack/liblapack.so.3.9.0

locale:
 [1] LC_CTYPE=en_AU.UTF-8       LC_NUMERIC=C               LC_TIME=en_GB.UTF-8        LC_COLLATE=en_AU.UTF-8     LC_MONETARY=en_GB.UTF-8   
 [6] LC_MESSAGES=en_AU.UTF-8    LC_PAPER=en_GB.UTF-8       LC_NAME=C                  LC_ADDRESS=C               LC_TELEPHONE=C            
[11] LC_MEASUREMENT=en_GB.UTF-8 LC_IDENTIFICATION=C       

attached base packages:
[1] stats     graphics  grDevices utils     datasets  methods   base     

other attached packages:
 [1] gridExtra_2.3       sf_0.9-7            rasterVis_0.49      latticeExtra_0.6-29 lattice_0.20-41     maptools_1.0-2      ggplot2_3.3.3      
 [8] rgdal_1.5-23        raster_3.4-5        sp_1.4-5            tiff_0.1-6         

loaded via a namespace (and not attached):
 [1] Rcpp_1.0.6         pillar_1.4.7       compiler_4.0.3     RColorBrewer_1.1-2 class_7.3-18       tools_4.0.3        lifecycle_1.0.0   
 [8] tibble_3.0.6       gtable_0.3.0       viridisLite_0.3.0  pkgconfig_2.0.3    png_0.1-7          rlang_0.4.10       DBI_1.1.1         
[15] parallel_4.0.3     hexbin_1.28.2      e1071_1.7-4        withr_2.4.1        vctrs_0.3.6        classInt_0.4-3     grid_4.0.3        
[22] glue_1.4.2         R6_2.5.0           jpeg_0.1-8.1       foreign_0.8-81     magrittr_2.0.1     units_0.6-7        scales_1.1.1      
[29] codetools_0.2-18   ellipsis_0.3.1     colorspace_2.0-0   KernSmooth_2.23-18 munsell_0.5.0      crayon_1.4.1       zoo_1.8-8 
